Ex.js:1269 version: 14
Ex.js:3751 before all_funcdisable
Ex.js:3754 undefined
Ex.js:3762 all_funcdisable
FingerPrint.js:19 has get the FIngerPrintSwitch
FingerPrint.js:20 true
FingerPrint.js:24 Array(1)
Test.js:91 this page inject_canvas
Test.js:214 audio start
Test.js:218 audio buffer and Context
Test.js:341 start webgl
Test.js:344 webgl buffer
admin.php?page=bihrwi_imported_products:1 Unchecked runtime.lastError: The message port closed before a response was received.
style.css:1  Failed to load resource: the server responded with a status of 404 ()
jquery-migrate.js?ver=3.4.1:104 JQMIGRATE: Migrate is installed with logging active, version 3.4.1
jquery-migrate.js?ver=3.4.1:136 JQMIGRATE: 'ready' event is deprecated
migrateWarn @ jquery-migrate.js?ver=3.4.1:136
jquery-migrate.js?ver=3.4.1:138 console.trace
migrateWarn @ jquery-migrate.js?ver=3.4.1:138
setup @ jquery-migrate.js?ver=3.4.1:860
add @ jquery.js?ver=3.7.1:4994
(anonymous) @ jquery-migrate.js?ver=3.4.1:803
obj.<computed> @ jquery-migrate.js?ver=3.4.1:181
(anonymous) @ jquery.js?ver=3.7.1:4897
each @ jquery.js?ver=3.7.1:383
each @ jquery.js?ver=3.7.1:205
on @ jquery.js?ver=3.7.1:4896
on @ jquery.js?ver=3.7.1:5736
(anonymous) @ global-scripts.min.js?ver=2.0.97:1
bihr-progress.js:445 Uncaught SyntaxError: missing ) after argument list
react-dom.js?ver=18.3.1.1:29905 Download the React DevTools for a better development experience: https://reactjs.org/link/react-devtools
jquery-migrate.js?ver=3.4.1:136 JQMIGRATE: jQuery.fn.click() event shorthand is deprecated
migrateWarn @ jquery-migrate.js?ver=3.4.1:136
jquery-migrate.js?ver=3.4.1:138 console.trace
migrateWarn @ jquery-migrate.js?ver=3.4.1:138
obj.<computed> @ jquery-migrate.js?ver=3.4.1:170
(anonymous) @ hostinger-surveys.min.js?ver=1764278920:2
dispatch @ jquery.js?ver=3.7.1:5145
elemData.handle @ jquery.js?ver=3.7.1:4949
trigger @ jquery.js?ver=3.7.1:8629
triggerHandler @ jquery.js?ver=3.7.1:8713
(anonymous) @ jquery-migrate.js?ver=3.4.1:854
mightThrow @ jquery.js?ver=3.7.1:3489
process @ jquery.js?ver=3.7.1:3557
admin.php?page=bihrwi_imported_products:685 === BIHR Imported Products Page ===
admin.php?page=bihrwi_imported_products:686 bihrProgressData: Object
admin.php?page=bihrwi_imported_products:687 ajaxurl: /wp-admin/admin-ajax.php
admin.php?page=bihrwi_imported_products:694 URL AJAX utilisée: https://bisque-seal-123062.hostingersite.com/wp-admin/admin-ajax.php
admin.php?page=bihrwi_imported_products:700 Nonce: PRÉSENT
/favicon.ico:1  Failed to load resource: the server responded with a status of 404 ()
style.css:1  Failed to load resource: the server responded with a status of 404 ()
